app/build/intermediates/manifest_merge_blame_file/release/manifest-merger-blame-release-report.txt
1<?xml version="1.0" encoding="utf-8"?>
2<manifest xmlns:android="http://schemas.android.com/apk/res/android"
3    package="com.example.marketplace"
4    android:versionCode="1"
5    android:versionName="1.0" >
6
7    <uses-sdk
8        android:minSdkVersion="21"
8-->src\main\AndroidManifest.xml
9        android:targetSdkVersion="29" />
9-->src\main\AndroidManifest.xml
10
11    <uses-permission android:name="android.permission.INTERNET" />
11-->src\main\AndroidManifest.xml:5:5-67
11-->src\main\AndroidManifest.xml:5:22-64
12    <uses-permission android:name="android.permission.READ_EXTERNAL_STORAGE" />
12-->src\main\AndroidManifest.xml:6:5-80
12-->src\main\AndroidManifest.xml:6:22-77
13    <uses-permission android:name="android.permission.WRITE_EXTERNAL_STORAGE" />
13-->src\main\AndroidManifest.xml:7:5-81
13-->src\main\AndroidManifest.xml:7:22-78
14
15    <supports-screens
15-->src\main\AndroidManifest.xml:9:5-15:40
16        android:anyDensity="true"
16-->src\main\AndroidManifest.xml:10:9-34
17        android:largeScreens="true"
17-->src\main\AndroidManifest.xml:11:9-36
18        android:normalScreens="true"
18-->src\main\AndroidManifest.xml:12:9-37
19        android:resizeable="true"
19-->src\main\AndroidManifest.xml:13:9-34
20        android:smallScreens="true"
20-->src\main\AndroidManifest.xml:14:9-36
21        android:xlargeScreens="true" />
21-->src\main\AndroidManifest.xml:15:9-37
22
23    <application
23-->src\main\AndroidManifest.xml:17:5-56:19
24        android:allowBackup="true"
24-->src\main\AndroidManifest.xml:18:9-35
25        android:appComponentFactory="androidx.core.app.CoreComponentFactory"
25-->[androidx.core:core:1.3.0-rc01] AndroidManifest.xml:24:18-86
26        android:icon="@mipmap/ic_launcher"
26-->src\main\AndroidManifest.xml:19:9-43
27        android:label="@string/app_name"
27-->src\main\AndroidManifest.xml:20:9-41
28        android:roundIcon="@mipmap/ic_launcher_round"
28-->src\main\AndroidManifest.xml:21:9-54
29        android:supportsRtl="true"
29-->src\main\AndroidManifest.xml:22:9-35
30        android:theme="@style/AppTheme" >
30-->src\main\AndroidManifest.xml:23:9-40
31        <activity android:name="com.example.marketplace.activities.ViewReviews" />
31-->src\main\AndroidManifest.xml:24:9-69
31-->src\main\AndroidManifest.xml:24:19-57
32        <activity
32-->src\main\AndroidManifest.xml:25:9-27:59
33            android:name="com.example.marketplace.activities.BuyProduct"
33-->src\main\AndroidManifest.xml:26:13-50
34            android:theme="@style/AppTheme.NoActionBar" />
34-->src\main\AndroidManifest.xml:27:13-56
35        <activity android:name="com.example.marketplace.activities.goodAndService" />
35-->src\main\AndroidManifest.xml:28:9-63
35-->src\main\AndroidManifest.xml:28:19-60
36        <activity
36-->src\main\AndroidManifest.xml:29:9-31:69
37            android:name="com.example.marketplace.activities.Homepage"
37-->src\main\AndroidManifest.xml:30:13-48
38            android:theme="@style/Theme.Design.Light.NoActionBar" />
38-->src\main\AndroidManifest.xml:31:13-66
39        <activity
39-->src\main\AndroidManifest.xml:32:9-34:59
40            android:name="com.example.marketplace.activities.ForgotPassword"
40-->src\main\AndroidManifest.xml:33:13-54
41            android:theme="@style/AppTheme.NoActionBar" />
41-->src\main\AndroidManifest.xml:34:13-56
42        <activity
42-->src\main\AndroidManifest.xml:35:9-37:66
43            android:name="com.example.marketplace.activities.Register"
43-->src\main\AndroidManifest.xml:36:13-48
44            android:theme="@style/Theme.AppCompat.NoActionBar" />
44-->src\main\AndroidManifest.xml:37:13-63
45        <activity
45-->src\main\AndroidManifest.xml:38:9-46:20
46            android:name="com.example.marketplace.activities.SplashScreen"
46-->src\main\AndroidManifest.xml:39:13-52
47            android:theme="@style/Theme.AppCompat.NoActionBar" >
47-->src\main\AndroidManifest.xml:40:13-63
48            <intent-filter>
48-->src\main\AndroidManifest.xml:41:13-45:29
49                <action android:name="android.intent.action.MAIN" />
49-->src\main\AndroidManifest.xml:42:17-69
49-->src\main\AndroidManifest.xml:42:25-66
50
51                <category android:name="android.intent.category.LAUNCHER" />
51-->src\main\AndroidManifest.xml:44:17-77
51-->src\main\AndroidManifest.xml:44:27-74
52            </intent-filter>
53        </activity>
54        <activity
54-->src\main\AndroidManifest.xml:47:9-55:20
55            android:name="com.example.marketplace.activities.Login"
55-->src\main\AndroidManifest.xml:48:13-45
56            android:theme="@style/Theme.AppCompat.NoActionBar" >
56-->src\main\AndroidManifest.xml:49:13-63
57            <intent-filter>
57-->src\main\AndroidManifest.xml:50:13-54:29
58                <action android:name="android.intent.action.MAIN" />
58-->src\main\AndroidManifest.xml:42:17-69
58-->src\main\AndroidManifest.xml:42:25-66
59
60                <category android:name="android.intent.category.DEFAULT" />
60-->src\main\AndroidManifest.xml:53:17-76
60-->src\main\AndroidManifest.xml:53:27-73
61            </intent-filter>
62        </activity>
63
64        <provider
64-->[com.squareup.picasso:picasso:2.71828] AndroidManifest.xml:8:9-11:40
65            android:name="com.squareup.picasso.PicassoProvider"
65-->[com.squareup.picasso:picasso:2.71828] AndroidManifest.xml:9:13-64
66            android:authorities="com.example.marketplace.com.squareup.picasso"
66-->[com.squareup.picasso:picasso:2.71828] AndroidManifest.xml:10:13-72
67            android:exported="false" />
67-->[com.squareup.picasso:picasso:2.71828] AndroidManifest.xml:11:13-37
68        <provider
68-->[androidx.lifecycle:lifecycle-process:2.2.0] AndroidManifest.xml:25:9-29:43
69            android:name="androidx.lifecycle.ProcessLifecycleOwnerInitializer"
69-->[androidx.lifecycle:lifecycle-process:2.2.0] AndroidManifest.xml:26:13-79
70            android:authorities="com.example.marketplace.lifecycle-process"
70-->[androidx.lifecycle:lifecycle-process:2.2.0] AndroidManifest.xml:27:13-69
71            android:exported="false"
71-->[androidx.lifecycle:lifecycle-process:2.2.0] AndroidManifest.xml:28:13-37
72            android:multiprocess="true" />
72-->[androidx.lifecycle:lifecycle-process:2.2.0] AndroidManifest.xml:29:13-40
73    </application>
74
75</manifest>